#
# There is insufficient memory for the Java Runtime Environment to continue.
# Native memory allocation (mmap) failed to map 67108864 bytes for Failed to commit area from 0x00000000c1400000 to 0x00000000c5400000 of length 67108864.
# Possible reasons:
#   The system is out of physical RAM or swap space
#   The process is running with CompressedOops enabled, and the Java Heap may be blocking the growth of the native heap
# Possible solutions:
#   Reduce memory load on the system
#   Increase physical memory or swap space
#   Check if swap backing store is full
#   Decrease Java heap size (-Xmx/-Xms)
#   Decrease number of Java threads
#   Decrease Java thread stack sizes (-Xss)
#   Set larger code cache with -XX:ReservedCodeCacheSize=
# This output file may be truncated or incomplete.
#
#  Out of Memory Error (./open/src/hotspot/os/windows/os_windows.cpp:3275), pid=14564, tid=13336
#
# JRE version:  (11.0.8+10) (build )
# Java VM: Java HotSpot(TM) 64-Bit Server VM (11.0.8+10-LTS, mixed mode, sharing, tiered, compressed oops, g1 gc, windows-amd64)
# No core dump will be written. Minidumps are not enabled by default on client versions of Windows
#

---------------  S U M M A R Y ------------

Command Line: -XX:TieredStopAtLevel=1 -Xverify:none -Dspring.output.ansi.enabled=always -javaagent:C:\Program Files\JetBrains\IntelliJ IDEA 2020.3.3\lib\idea_rt.jar=59280:C:\Program Files\JetBrains\IntelliJ IDEA 2020.3.3\bin -Dcom.sun.management.jmxremote -Dspring.jmx.enabled=true -Dspring.liveBeansView.mbeanDomain -Dspring.application.admin.enabled=true -Dfile.encoding=UTF-8 com.elghallali.ecommercebackend.EcommerceBackendApplication

Host: Intel(R) Core(TM) i5-4210M CPU @ 2.60GHz, 4 cores, 3G,  Windows 10 , 64 bit Build 19041 (10.0.19041.804)
Time: Thu Apr  1 13:27:30 2021 Hora de verano de Marruecos elapsed time: 0 seconds (0d 0h 0m 0s)

---------------  T H R E A D  ---------------

Current thread (0x000001fa9255d800):  JavaThread "Unknown thread" [_thread_in_vm, id=13336, stack(0x00000049f1100000,0x00000049f1200000)]

Stack: [0x00000049f1100000,0x00000049f1200000]
Native frames: (J=compiled Java code, j=interpreted, Vv=VM code, C=native code)
V  [jvm.dll+0x601aea]
V  [jvm.dll+0x737fef]
V  [jvm.dll+0x739675]
V  [jvm.dll+0x739cf3]
V  [jvm.dll+0x242848]
V  [jvm.dll+0x5fef8a]
V  [jvm.dll+0x5f3eb5]
V  [jvm.dll+0x2f651c]
V  [jvm.dll+0x2f63a2]
V  [jvm.dll+0x2fb056]
V  [jvm.dll+0x33ce9f]
V  [jvm.dll+0x33c8d0]
V  [jvm.dll+0x2d4768]
V  [jvm.dll+0x2d58c6]
V  [jvm.dll+0x713e67]
V  [jvm.dll+0x71570f]
V  [jvm.dll+0x349c19]
V  [jvm.dll+0x6f97f0]
V  [jvm.dll+0x3b2a5f]
V  [jvm.dll+0x3b4e81]
C  [jli.dll+0x5213]
C  [ucrtbase.dll+0x21bb2]
C  [KERNEL32.DLL+0x17034]
C  [ntdll.dll+0x52651]


---------------  P R O C E S S  ---------------

Threads class SMR info:
_java_thread_list=0x000001fa9238fd50, length=0, elements={
}

Java Threads: ( => current thread )

Other Threads:
  0x000001fa92575000 GCTaskThread "GC Thread#0" [stack: 0x00000049f1200000,0x00000049f1300000] [id=15804]
  0x000001fa92590800 ConcurrentGCThread "G1 Main Marker" [stack: 0x00000049f1300000,0x00000049f1400000] [id=1128]
  0x000001fa92592000 ConcurrentGCThread "G1 Conc#0" [stack: 0x00000049f1400000,0x00000049f1500000] [id=11420]

[error occurred during error reporting (printing all threads), id 0xc0000005, EXCEPTION_ACCESS_VIOLATION (0xc0000005) at pc=0x00007ffeb6b02f67]

VM state:not at safepoint (not fully initialized)

VM Mutex/Monitor currently owned by a thread:  ([mutex/lock_event])
[0x000001fa9255cc80] Heap_lock - owner thread: 0x000001fa9255d800

Heap address: 0x00000000c1400000, size: 1004 MB, Compressed Oops mode: Non-zero based: 0x00000000c1400000
Narrow klass base: 0x0000000000000000, Narrow klass shift: 0

GC Heap History (0 events):
No events

Deoptimization events (0 events):
No events

Classes redefined (0 events):
No events

Internal exceptions (0 events):
No events

Events (0 events):
No events


Dynamic libraries:
0x00007ff772ea0000 - 0x00007ff772eaf000 	C:\Program Files\Java\jdk-11.0.8\bin\java.exe
0x00007fff0d9b0000 - 0x00007fff0dba5000 	C:\WINDOWS\SYSTEM32\ntdll.dll
0x00007fff0d1e0000 - 0x00007fff0d29d000 	C:\WINDOWS\System32\KERNEL32.DLL
0x00007fff0b150000 - 0x00007fff0b419000 	C:\WINDOWS\System32\KERNELBASE.dll
0x00007fff0b790000 - 0x00007fff0b890000 	C:\WINDOWS\System32\ucrtbase.dll
0x00007ffee4ae0000 - 0x00007ffee4af8000 	C:\Program Files\Java\jdk-11.0.8\bin\jli.dll
0x00007fff0c380000 - 0x00007fff0c42c000 	C:\WINDOWS\System32\ADVAPI32.dll
0x00007fff0bb30000 - 0x00007fff0bbce000 	C:\WINDOWS\System32\msvcrt.dll
0x00007fff0d2a0000 - 0x00007fff0d33c000 	C:\WINDOWS\System32\sechost.dll
0x00007fff0ca10000 - 0x00007fff0cb3b000 	C:\WINDOWS\System32\RPCRT4.dll
0x00007fff0cb40000 - 0x00007fff0cce0000 	C:\WINDOWS\System32\USER32.dll
0x00007fff0b580000 - 0x00007fff0b5a2000 	C:\WINDOWS\System32\win32u.dll
0x00007fff0d3a0000 - 0x00007fff0d3ca000 	C:\WINDOWS\System32\GDI32.dll
0x00007fff0b5b0000 - 0x00007fff0b6bb000 	C:\WINDOWS\System32\gdi32full.dll
0x00007fff0b970000 - 0x00007fff0ba0d000 	C:\WINDOWS\System32\msvcp_win.dll
0x00007ffee47e0000 - 0x00007ffee47f5000 	C:\Program Files\Java\jdk-11.0.8\bin\VCRUNTIME140.dll
0x00007ffefa4e0000 - 0x00007ffefa77a000 	C:\WINDOWS\WinSxS\amd64_microsoft.windows.common-controls_6595b64144ccf1df_6.0.19041.844_none_ca00b6081b84eb1d\COMCTL32.dll
0x00007ffefa780000 - 0x00007ffefa78a000 	C:\WINDOWS\SYSTEM32\VERSION.dll
0x00007fff0cf00000 - 0x00007fff0cf30000 	C:\WINDOWS\System32\IMM32.DLL
0x00007ffed4290000 - 0x00007ffed432b000 	C:\Program Files\Java\jdk-11.0.8\bin\msvcp140.dll
0x00007ffeb6820000 - 0x00007ffeb7306000 	C:\Program Files\Java\jdk-11.0.8\bin\server\jvm.dll
0x00007fff0ca00000 - 0x00007fff0ca08000 	C:\WINDOWS\System32\PSAPI.DLL
0x00007ffef76d0000 - 0x00007ffef76d9000 	C:\WINDOWS\SYSTEM32\WSOCK32.dll
0x00007fff0c870000 - 0x00007fff0c8db000 	C:\WINDOWS\System32\WS2_32.dll
0x00007ffefaaf0000 - 0x00007ffefab17000 	C:\WINDOWS\SYSTEM32\WINMM.dll
0x00007fff09010000 - 0x00007fff09022000 	C:\WINDOWS\SYSTEM32\kernel.appcore.dll
0x00007fff05d70000 - 0x00007fff05d80000 	C:\Program Files\Java\jdk-11.0.8\bin\verify.dll
0x00007fff089c0000 - 0x00007fff08ba4000 	C:\WINDOWS\SYSTEM32\DBGHELP.DLL
0x00007ffef9690000 - 0x00007ffef96bc000 	C:\WINDOWS\SYSTEM32\dbgcore.DLL
0x00007fff0b710000 - 0x00007fff0b790000 	C:\WINDOWS\System32\bcryptPrimitives.dll
0x00007ffee06b0000 - 0x00007ffee06d8000 	C:\Program Files\Java\jdk-11.0.8\bin\java.dll
0x00007ffef2ca0000 - 0x00007ffef2caa000 	C:\Program Files\Java\jdk-11.0.8\bin\jimage.dll
0x00007ffef24f0000 - 0x00007ffef24fe000 	C:\Program Files\Java\jdk-11.0.8\bin\instrument.dll
0x00007ffee0690000 - 0x00007ffee06a6000 	C:\Program Files\Java\jdk-11.0.8\bin\zip.dll

dbghelp: loaded successfully - version: 4.0.5 - missing functions: none
symbol engine: initialized successfully - sym options: 0x614 - pdb path: .;C:\Program Files\Java\jdk-11.0.8\bin;C:\WINDOWS\SYSTEM32;C:\WINDOWS\WinSxS\amd64_microsoft.windows.common-controls_6595b64144ccf1df_6.0.19041.844_none_ca00b6081b84eb1d;C:\Program Files\Java\jdk-11.0.8\bin\server

VM Arguments:
jvm_args: -XX:TieredStopAtLevel=1 -Xverify:none -Dspring.output.ansi.enabled=always -javaagent:C:\Program Files\JetBrains\IntelliJ IDEA 2020.3.3\lib\idea_rt.jar=59280:C:\Program Files\JetBrains\IntelliJ IDEA 2020.3.3\bin -Dcom.sun.management.jmxremote -Dspring.jmx.enabled=true -Dspring.liveBeansView.mbeanDomain -Dspring.application.admin.enabled=true -Dfile.encoding=UTF-8 
java_command: com.elghallali.ecommercebackend.EcommerceBackendApplication
java_class_path (initial): C:\Users\EL GHALLALI YASSINE\Desktop\Programation tutorials\E-Commerce-BACKEND\target\classes;C:\Users\EL GHALLALI YASSINE\.m2\repository\org\springframework\boot\spring-boot-starter-data-jpa\2.4.2\spring-boot-starter-data-jpa-2.4.2.jar;C:\Users\EL GHALLALI YASSINE\.m2\repository\org\springframework\boot\spring-boot-starter-aop\2.4.2\spring-boot-starter-aop-2.4.2.jar;C:\Users\EL GHALLALI YASSINE\.m2\repository\org\aspectj\aspectjweaver\1.9.6\aspectjweaver-1.9.6.jar;C:\Users\EL GHALLALI YASSINE\.m2\repository\org\springframework\boot\spring-boot-starter-jdbc\2.4.2\spring-boot-starter-jdbc-2.4.2.jar;C:\Users\EL GHALLALI YASSINE\.m2\repository\com\zaxxer\HikariCP\3.4.5\HikariCP-3.4.5.jar;C:\Users\EL GHALLALI YASSINE\.m2\repository\org\springframework\spring-jdbc\5.3.3\spring-jdbc-5.3.3.jar;C:\Users\EL GHALLALI YASSINE\.m2\repository\jakarta\transaction\jakarta.transaction-api\1.3.3\jakarta.transaction-api-1.3.3.jar;C:\Users\EL GHALLALI YASSINE\.m2\repository\jakarta\persistence\jakarta.persistence-api\2.2.3\jakarta.persistence-api-2.2.3.jar;C:\Users\EL GHALLALI YASSINE\.m2\repository\org\hibernate\hibernate-core\5.4.27.Final\hibernate-core-5.4.27.Final.jar;C:\Users\EL GHALLALI YASSINE\.m2\repository\org\jboss\logging\jboss-logging\3.4.1.Final\jboss-logging-3.4.1.Final.jar;C:\Users\EL GHALLALI YASSINE\.m2\repository\org\javassist\javassist\3.27.0-GA\javassist-3.27.0-GA.jar;C:\Users\EL GHALLALI YASSINE\.m2\repository\net\bytebuddy\byte-buddy\1.10.19\byte-buddy-1.10.19.jar;C:\Users\EL GHALLALI YASSINE\.m2\repository\antlr\antlr\2.7.7\antlr-2.7.7.jar;C:\Users\EL GHALLALI YASSINE\.m2\repository\org\jboss\jandex\2.1.3.Final\jandex-2.1.3.Final.jar;C:\Users\EL GHALLALI YASSINE\.m2\repository\com\fasterxml\classmate\1.5.1\classmate-1.5.1.jar;C:\Users\EL GHALLALI YASSINE\.m2\repository\org\dom4j\dom4j\2.1.3\dom4j-2.1.3.jar;C:\Users\EL GHALLALI YASSINE\.m2\repository\org\hibernate\common\hibernate-commons-annotations\5.1.2.Final\hibernate-commons-anno
Launcher Type: SUN_STANDARD

[Global flags]
     bool BytecodeVerificationLocal                = false                                     {product} {command line}
     bool BytecodeVerificationRemote               = false                                     {product} {command line}
     intx CICompilerCount                          = 3                                         {product} {ergonomic}
     uint ConcGCThreads                            = 1                                         {product} {ergonomic}
     uint G1ConcRefinementThreads                  = 4                                         {product} {ergonomic}
   size_t G1HeapRegionSize                         = 1048576                                   {product} {ergonomic}
    uintx GCDrainStackTargetSize                   = 64                                        {product} {ergonomic}
   size_t InitialHeapSize                          = 67108864                                  {product} {ergonomic}
     bool ManagementServer                         = true                                      {product} {command line}
   size_t MarkStackSize                            = 4194304                                   {product} {ergonomic}
   size_t MaxHeapSize                              = 1052770304                                {product} {ergonomic}
   size_t MinHeapDeltaBytes                        = 1048576                                   {product} {ergonomic}
    uintx NonNMethodCodeHeapSize                   = 6973028                                {pd product} {ergonomic}
    uintx NonProfiledCodeHeapSize                  = 244685212                              {pd product} {ergonomic}
    uintx ProfiledCodeHeapSize                     = 0                                      {pd product} {ergonomic}
    uintx ReservedCodeCacheSize                    = 251658240                              {pd product} {ergonomic}
     bool SegmentedCodeCache                       = true                                      {product} {ergonomic}
     intx TieredStopAtLevel                        = 1                                         {product} {command line}
     bool UseCompressedClassPointers               = true                                 {lp64_product} {ergonomic}
     bool UseCompressedOops                        = true                                 {lp64_product} {ergonomic}
     bool UseG1GC                                  = true                                      {product} {ergonomic}
     bool UseLargePagesIndividualAllocation        = false                                  {pd product} {ergonomic}

Logging:
Log output configuration:
 #0: stdout all=warning uptime,level,tags
 #1: stderr all=off uptime,level,tags

Environment Variables:
JAVA_HOME=C:\Program Files\Java\jdk-16
CLASSPATH=.;
PATH=C:\tools\ruby27\bin;C:\Python27;C:\Python27\Scripts;C:\Ruby26-x64\bin;C:\WINDOWS\system32;C:\WINDOWS;C:\WINDOWS\System32\Wbem;C:\WINDOWS\System32\WindowsPowerShell\v1.0\;C:\WINDOWS\System32\OpenSSH\;C:\ProgramData\chocolatey\bin;C:\Program Files\apache-maven\bin;C:\Program Files\MySQL\MySQL Server 8.0\bin;C:\Program Files\MiKTeX 2.9\miktex\bin\x64\;C:\Users\EL GHALLALI YASSINE\AppData\Roaming\npm;C:\Program Files\MongoDB\Server\4.2\bin;C:\Gradle\gradle-6.3\bin;C:\Android\Sdk\platform-tools;C:\Program Files (x86)\Yarn\bin\;C:\Program Files\Git\cmd;C:\Program Files\draft-0.16.0;C:\Program Files\Redis-2.4.5\64bit;C:\Program Files\dotnet\;C:\Windows\Microsoft.NET\Framework\v4.0.30319;C:\Program Files (x86)\sbt\bin;C:\Program Files\terraform_0.14.5;C:\Program Files\nodejs\;C:\Program Files\Microsoft VS Code\bin;C:\Program Files\Calibre2\;C:\Program Files\Docker\Docker\resources\bin;C:\ProgramData\DockerDesktop\version-bin;C:\Program Files\Java\jdk-16\bin;C:\Program Files\SonarQube\bin\windows-x86-64;C:\Program Files\MySQL\MySQL Shell 8.0\bin\;C:\Users\EL GHALLALI YASSINE\AppData\Local\Microsoft\WindowsApps;C:\Python27\Scripts;C:\Python27;C:\Users\EL GHALLALI YASSINE\AppData\Local\atom\bin;C:\Ruby26-x64\bin;C:\Program Files\nodejs;C:\Program Files\apache-maven\bin;C:\Program Files\MySQL\MySQL Server 8.0\bin;C:\Program Files\MongoDB\Server\4.2\bin;C:\Program Files\JetBrains\IntelliJ IDEA 2020.1\bin;;C:\Gradle\gradle-6.3\bin;C:\Users\EL GHALLALI YASSINE\AppData\Local\Microsoft\WindowsApps;C:\Program Files\JetBrains\WebStorm 2020.1\bin;;C:\Android\Sdk\platform-tools;C:\Users\EL GHALLALI YASSINE\AppData\Local\Yarn\bin;C:\Users\EL GHALLALI YASSINE\AppData\Local\GitHubDesktop\bin;C:\Program Files\JetBrains\PyCharm 2020.2.3\bin;;C:\Users\EL GHALLALI YASSINE\.dotnet\tools;C:\Users\EL GHALLALI YASSINE\AppData\Roaming\npm;C:\Program Files\Java\jdk-16\bin;C:\Program Files\SonarQube\bin\windows-x86-64;
USERNAME=EL GHALLALI YASSINE
OS=Windows_NT
PROCESSOR_IDENTIFIER=Intel64 Family 6 Model 60 Stepping 3, GenuineIntel



---------------  S Y S T E M  ---------------

OS: Windows 10 , 64 bit Build 19041 (10.0.19041.804)
HyperV virtualization detected

CPU:total 4 (initial active 4) (2 cores per cpu, 2 threads per core) family 6 model 60 stepping 3, cmov, cx8, fxsr, mmx, sse, sse2, sse3, ssse3, sse4.1, sse4.2, popcnt, avx, avx2, aes, clmul, erms, lzcnt, ht, tsc, tscinvbit, bmi1, bmi2, fma

Memory: 4k page, system-wide physical 4009M (440M free)
TotalPageFile size 10656M (AvailPageFile size 55M)
current process WorkingSet (physical memory assigned to process): 9M, peak: 9M
current process commit charge ("private bytes"): 49M, peak: 113M

vm_info: Java HotSpot(TM) 64-Bit Server VM (11.0.8+10-LTS) for windows-amd64 JRE (11.0.8+10-LTS), built on Jun 16 2020 05:53:08 by "mach5one" with unknown MS VC++:1916

END.
